2026-04-13 21:55:31,386 [INFO] Starting penetration testing pipeline for target: example.com
2026-04-13 21:55:31,386 [INFO] Running Nmap scan...
2026-04-13 21:55:31,386 [INFO] Running HTTPX scan...
2026-04-13 21:55:31,387 [INFO] Running Nuclei scan...
2026-04-13 21:55:31,387 [INFO] Running Gospider scan...
2026-04-13 21:55:31,387 [INFO] Aggregating results...
2026-04-13 21:55:31,387 [INFO] Deciding next actions...
2026-04-13 21:55:31,387 [INFO] No actionable findings identified.
2026-04-13 21:57:51,830 [INFO] Starting penetration testing pipeline for target: google.com
2026-04-13 21:57:51,830 [INFO] Running Nmap scan...
2026-04-13 21:57:51,830 [INFO] Running HTTPX scan...
2026-04-13 21:57:51,830 [INFO] Running Nuclei scan...
2026-04-13 21:57:51,831 [INFO] Running Gospider scan...
2026-04-13 21:57:51,831 [INFO] Aggregating results...
2026-04-13 21:57:51,831 [INFO] Deciding next actions...
2026-04-13 21:57:51,831 [INFO] No actionable findings identified.
2026-04-13 22:01:36,759 [INFO] Starting penetration testing pipeline for target: google.com
2026-04-13 22:01:36,759 [INFO] Running Nmap scan...
2026-04-13 22:01:36,763 [INFO] Running HTTPX scan...
2026-04-13 22:01:36,765 [INFO] Running Nuclei scan...
2026-04-13 22:01:36,768 [INFO] Running Gospider scan...
2026-04-13 22:01:36,771 [INFO] Aggregating results...
2026-04-13 22:01:36,772 [INFO] Deciding next actions...
2026-04-13 22:01:36,772 [INFO] No actionable findings identified.
2026-04-13 22:04:16,895 [INFO] Starting penetration testing pipeline for target: pentest-ground.com
2026-04-13 22:04:16,895 [INFO] Running Nmap scan...
2026-04-13 22:04:16,896 [INFO] Running HTTPX scan...
2026-04-13 22:04:16,896 [INFO] Running Nuclei scan...
2026-04-13 22:04:16,896 [INFO] Running Gospider scan...
2026-04-13 22:04:16,896 [INFO] Aggregating results...
2026-04-13 22:04:16,896 [INFO] Deciding next actions...
2026-04-13 22:04:16,896 [INFO] No actionable findings identified.
2026-04-13 22:06:10,527 [INFO] Starting penetration testing pipeline for target: google.com
2026-04-13 22:06:10,527 [INFO] Running Nmap scan...
2026-04-13 22:08:24,958 [INFO] Starting penetration testing pipeline for target: google.com
2026-04-13 22:08:24,958 [INFO] Running Nmap scan...
2026-04-13 22:08:27,143 [INFO] Running HTTPX scan...
2026-04-13 22:08:27,144 [INFO] Running Nuclei scan...
2026-04-13 22:08:27,144 [INFO] Running Gospider scan...
2026-04-13 22:08:27,145 [INFO] Aggregating results...
2026-04-13 22:08:27,145 [INFO] Deciding next actions...
2026-04-13 22:08:27,145 [INFO] No actionable findings identified.
2026-04-13 22:08:38,975 [INFO] Starting penetration testing pipeline for target: google.com
2026-04-13 22:08:38,975 [INFO] Running Nmap scan...
2026-04-13 22:08:41,951 [INFO] Running HTTPX scan...
2026-04-13 22:08:41,953 [INFO] Running Nuclei scan...
2026-04-13 22:08:41,955 [INFO] Running Gospider scan...
2026-04-13 22:08:41,956 [INFO] Aggregating results...
2026-04-13 22:08:41,957 [INFO] Deciding next actions...
2026-04-13 22:08:41,957 [INFO] No actionable findings identified.
2026-04-13 22:23:47,527 [INFO] Starting penetration testing pipeline for target: google.com
2026-04-13 22:23:47,527 [INFO] Running Nmap scan...
2026-04-13 22:25:06,294 [INFO] Starting penetration testing pipeline for target: google.com
2026-04-13 22:25:06,294 [INFO] Running Nmap scan...
2026-04-13 22:25:38,367 [INFO] Starting penetration testing pipeline for target: google.com
2026-04-13 22:25:38,367 [INFO] Running Naabu scan...
2026-04-13 22:25:44,617 [INFO] Running HTTPX scan...
2026-04-13 22:25:44,619 [INFO] Running Nuclei scan...
2026-04-13 22:25:44,620 [INFO] Running Gospider scan...
2026-04-13 22:25:44,621 [INFO] Aggregating results...
2026-04-13 22:25:44,622 [INFO] Deciding next actions...
2026-04-13 22:25:44,622 [INFO] No actionable findings identified.
2026-04-13 22:26:43,074 [INFO] Starting penetration testing pipeline for target: pentest-ground.com
2026-04-13 22:26:43,074 [INFO] Running Naabu scan...
2026-04-13 22:26:43,076 [INFO] Running HTTPX scan...
2026-04-13 22:26:43,077 [INFO] Running Nuclei scan...
2026-04-13 22:26:43,077 [INFO] Running Gospider scan...
2026-04-13 22:26:43,077 [INFO] Aggregating results...
2026-04-13 22:26:43,077 [INFO] Deciding next actions...
2026-04-13 22:26:43,077 [INFO] No actionable findings identified.
2026-04-13 22:27:06,457 [INFO] Starting penetration testing pipeline for target: pentest-ground.com
2026-04-13 22:27:06,457 [INFO] Running Naabu scan...
2026-04-13 22:27:13,413 [INFO] Running HTTPX scan...
2026-04-13 22:27:13,414 [INFO] Running Nuclei scan...
2026-04-13 22:27:13,414 [INFO] Running Gospider scan...
2026-04-13 22:27:13,414 [INFO] Aggregating results...
2026-04-13 22:27:13,415 [INFO] Deciding next actions...
2026-04-13 22:27:13,415 [INFO] No actionable findings identified.
2026-04-13 22:28:29,198 [INFO] Starting penetration testing pipeline for target: pentest-ground.com
2026-04-13 22:28:29,198 [INFO] Running Naabu scan...
2026-04-13 22:28:29,198 [INFO] Running HTTPX scan...
2026-04-13 22:28:29,198 [INFO] Running Nuclei scan...
2026-04-13 22:28:29,198 [INFO] Running Gospider scan...
2026-04-13 22:28:29,199 [INFO] Aggregating results...
2026-04-13 22:28:29,199 [INFO] Deciding next actions...
2026-04-13 22:28:29,199 [INFO] No actionable findings identified.
2026-04-13 22:28:42,524 [INFO] Starting penetration testing pipeline for target: pentest-ground.com
2026-04-13 22:28:42,524 [INFO] Running Naabu scan...
2026-04-13 22:28:48,592 [INFO] Running HTTPX scan...
2026-04-13 22:28:48,592 [INFO] Running Nuclei scan...
2026-04-13 22:28:48,593 [INFO] Running Gospider scan...
2026-04-13 22:28:48,594 [INFO] Aggregating results...
2026-04-13 22:28:48,595 [INFO] Deciding next actions...
2026-04-13 22:28:48,595 [INFO] No actionable findings identified.
2026-04-13 22:43:38,012 [INFO] Starting penetration testing pipeline for target: google.com
2026-04-13 22:43:38,012 [INFO] Running Naabu scan...
2026-04-13 22:43:38,013 [INFO] Running HTTPX scan...
2026-04-13 22:43:40,871 [INFO] Running Nuclei scan...
2026-04-13 22:43:40,929 [INFO] Running Gospider scan...
2026-04-13 22:43:40,933 [INFO] Aggregating results...
2026-04-13 22:43:40,933 [INFO] Deciding next actions...
2026-04-13 22:43:40,933 [INFO] No actionable findings identified.
2026-04-13 22:48:47,463 [INFO] Starting penetration testing pipeline for target: google.com
2026-04-13 22:48:47,463 [INFO] Running Naabu scan...
2026-04-13 22:48:54,635 [INFO] Running HTTPX scan...
2026-04-13 22:48:56,526 [INFO] Running Nuclei scan...
2026-04-13 22:48:56,585 [INFO] Running Gospider scan...
2026-04-13 22:48:56,588 [INFO] Aggregating results...
2026-04-13 22:48:56,589 [INFO] Deciding next actions...
2026-04-13 22:48:56,589 [INFO] No actionable findings identified.
2026-04-13 22:50:10,639 [INFO] Starting penetration testing pipeline for target: google.com
2026-04-13 22:50:10,639 [INFO] Running Naabu scan...
2026-04-13 22:50:16,729 [INFO] Running HTTPX scan...
2026-04-13 22:50:18,830 [INFO] Running Nuclei scan...
2026-04-13 22:50:18,887 [INFO] Running Gospider scan...
2026-04-13 22:50:18,891 [INFO] Aggregating results...
2026-04-13 22:50:18,891 [INFO] Deciding next actions...
2026-04-13 22:50:18,891 [INFO] No actionable findings identified.
2026-04-13 22:51:17,700 [INFO] Starting penetration testing pipeline for target: google.com
2026-04-13 22:51:17,700 [INFO] Running Naabu scan...
2026-04-13 22:51:23,832 [INFO] Running HTTPX scan...
2026-04-13 22:51:25,487 [INFO] Running Nuclei scan...
2026-04-13 22:51:25,538 [INFO] Running Gospider scan...
2026-04-13 22:51:25,543 [INFO] Aggregating results...
2026-04-13 22:51:25,543 [INFO] Deciding next actions...
2026-04-13 22:51:25,543 [INFO] No actionable findings identified.
2026-04-13 22:53:11,415 [INFO] Starting penetration testing pipeline for target: google.com
2026-04-13 22:53:11,415 [INFO] Running Naabu scan...
2026-04-13 22:53:20,080 [INFO] Running HTTPX scan...
2026-04-13 22:53:23,734 [INFO] Running Nuclei scan...
2026-04-13 22:53:23,787 [INFO] Running Gospider scan...
2026-04-13 22:54:58,422 [INFO] Aggregating results...
2026-04-13 22:54:58,424 [INFO] Deciding next actions...
2026-04-13 22:54:58,424 [INFO] No actionable findings identified.
2026-04-13 22:56:00,407 [INFO] Starting penetration testing pipeline for target: google.com
2026-04-13 22:56:00,407 [INFO] Running Naabu scan...
2026-04-13 22:56:25,405 [INFO] Starting penetration testing pipeline for target: pentest-ground.com
2026-04-13 22:56:25,405 [INFO] Running Naabu scan...
2026-04-13 22:56:34,343 [INFO] Running HTTPX scan...
2026-04-13 22:56:37,762 [INFO] Running Nuclei scan...
2026-04-13 22:56:37,804 [INFO] Running Gospider scan...
2026-04-13 22:56:40,855 [INFO] Aggregating results...
2026-04-13 22:56:40,856 [INFO] Deciding next actions...
2026-04-13 22:56:40,856 [INFO] No actionable findings identified.
2026-04-13 22:57:52,388 [INFO] Starting penetration testing pipeline for target: pentest-ground.com
2026-04-13 22:57:52,388 [INFO] Running Naabu scan...
2026-04-13 22:57:58,778 [INFO] Running HTTPX scan...
2026-04-13 22:58:02,017 [INFO] Running Nuclei scan...
2026-04-13 22:58:02,077 [INFO] Running Gospider scan...
2026-04-13 22:58:03,534 [INFO] Aggregating results...
2026-04-13 22:58:03,534 [INFO] Deciding next actions...
2026-04-13 22:58:03,534 [INFO] No actionable findings identified.
2026-04-13 23:06:05,613 [INFO] Starting penetration testing pipeline for target: pentest-ground.com
2026-04-13 23:06:05,614 [INFO] Running Naabu scan...
2026-04-13 23:06:11,796 [INFO] Running HTTPX scan...
2026-04-13 23:06:14,724 [INFO] Running Nuclei scan...
2026-04-13 23:06:14,764 [INFO] Running Gospider scan...
2026-04-13 23:06:16,149 [INFO] Aggregating results...
2026-04-13 23:06:16,151 [INFO] Deciding next actions...
2026-04-13 23:06:16,151 [INFO] No actionable findings identified.
2026-04-13 23:06:33,479 [INFO] Starting penetration testing pipeline for target: pentest-ground.com
2026-04-13 23:06:33,479 [INFO] Running Naabu scan...
2026-04-13 23:06:40,097 [INFO] Running HTTPX scan...
2026-04-13 23:06:42,724 [INFO] Running Nuclei scan...
2026-04-13 23:06:42,764 [INFO] Running Gospider scan...
2026-04-13 23:06:44,239 [INFO] Aggregating results...
2026-04-13 23:06:44,240 [INFO] Deciding next actions...
2026-04-13 23:06:44,240 [INFO] No actionable findings identified.
2026-04-13 23:07:25,811 [INFO] Starting penetration testing pipeline for target: pentest-ground.com
2026-04-13 23:07:25,811 [INFO] Running Naabu scan...
2026-04-13 23:07:31,854 [INFO] Running HTTPX scan...
2026-04-13 23:07:33,667 [INFO] Running Nuclei scan...
2026-04-13 23:07:33,712 [INFO] Running Gospider scan...
2026-04-13 23:07:35,300 [INFO] Aggregating results...
2026-04-13 23:07:35,301 [INFO] Deciding next actions...
2026-04-13 23:07:35,301 [INFO] No actionable findings identified.
2026-04-13 23:08:10,696 [INFO] Starting penetration testing pipeline for target: pentest-ground.com
2026-04-13 23:08:10,696 [INFO] Running Naabu scan...
2026-04-13 23:08:16,811 [INFO] Running HTTPX scan...
2026-04-13 23:08:22,937 [INFO] Running Nuclei scan...
2026-04-13 23:08:22,987 [INFO] Running Gospider scan...
2026-04-13 23:08:29,008 [INFO] Aggregating results...
2026-04-13 23:08:29,009 [INFO] Deciding next actions...
2026-04-13 23:08:29,009 [INFO] No actionable findings identified.
2026-04-13 23:09:20,601 [INFO] Starting penetration testing pipeline for target: https://pentest-ground.com:4280/vulnerabilities/brute/
2026-04-13 23:09:20,601 [INFO] Running Naabu scan...
2026-04-13 23:09:20,601 [INFO] Running HTTPX scan...
2026-04-13 23:09:23,169 [INFO] Running Nuclei scan...
2026-04-13 23:09:23,233 [INFO] Running Gospider scan...
2026-04-13 23:09:26,732 [INFO] Aggregating results...
2026-04-13 23:09:26,732 [INFO] Deciding next actions...
2026-04-13 23:09:26,733 [INFO] No actionable findings identified.
2026-04-13 23:10:59,346 [INFO] Starting penetration testing pipeline for target: https://pentest-ground.com:4280/vulnerabilities/csrf/
2026-04-13 23:10:59,346 [INFO] Running Naabu scan...
2026-04-13 23:10:59,346 [INFO] Running HTTPX scan...
2026-04-13 23:11:01,515 [INFO] Running Nuclei scan...
2026-04-13 23:11:01,565 [INFO] Running Gospider scan...
2026-04-13 23:11:02,873 [INFO] Aggregating results...
2026-04-13 23:11:02,874 [INFO] Deciding next actions...
2026-04-13 23:11:02,874 [INFO] No actionable findings identified.
2026-04-13 23:13:43,810 [INFO] Starting penetration testing pipeline for target: https://pentest-ground.com:4280/vulnerabilities/xss_d/
2026-04-13 23:13:43,810 [INFO] Running Naabu scan...
2026-04-13 23:13:43,810 [INFO] Running HTTPX scan...
2026-04-13 23:13:46,642 [INFO] Running Nuclei scan...
2026-04-13 23:13:46,712 [INFO] Running Gospider scan...
2026-04-13 23:13:48,356 [INFO] Aggregating results...
2026-04-13 23:13:48,357 [INFO] Deciding next actions...
2026-04-13 23:13:48,357 [INFO] No actionable findings identified.
2026-04-13 23:16:12,845 [INFO] Starting penetration testing pipeline for target: testphp.vulnweb.com
2026-04-13 23:16:12,845 [INFO] Running Naabu scan...
2026-04-13 23:16:19,297 [INFO] Running HTTPX scan...
2026-04-13 23:16:40,442 [INFO] Running Nuclei scan...
2026-04-13 23:16:40,515 [INFO] Running Gospider scan...
2026-04-13 23:17:10,530 [INFO] Aggregating results...
2026-04-13 23:17:10,531 [INFO] Deciding next actions...
2026-04-13 23:17:10,531 [INFO] No actionable findings identified.
2026-04-13 23:31:18,412 [INFO] Starting penetration testing pipeline for target: pentest-ground.com
2026-04-13 23:31:18,412 [INFO] Running Naabu scan...
2026-04-13 23:31:18,412 [INFO] Running HTTPX scan...
2026-04-13 23:31:20,988 [INFO] Running Nuclei scan...
2026-04-13 23:31:21,028 [INFO] Running Gospider scan...
2026-04-13 23:31:22,369 [INFO] Aggregating results...
2026-04-13 23:31:22,369 [INFO] Deciding next actions...
2026-04-13 23:31:22,369 [INFO] No actionable findings identified.
2026-04-13 23:34:14,846 [INFO] Starting penetration testing pipeline for target: pentest-ground.com
2026-04-13 23:34:14,846 [INFO] Running Naabu scan...
2026-04-13 23:34:14,847 [INFO] Running HTTPX scan...
2026-04-13 23:34:18,025 [INFO] Running Nuclei scan...
2026-04-14 11:08:51,382 [INFO] Starting penetration testing pipeline for target: pentest-ground.com
2026-04-14 11:08:51,382 [INFO] Running Naabu scan...
2026-04-14 11:08:51,384 [INFO] Running HTTPX scan...
2026-04-14 11:08:54,990 [INFO] Running Nuclei scan...
2026-04-14 11:19:11,912 [INFO] Running Gospider scan...
2026-04-14 11:19:13,605 [INFO] Aggregating results...
2026-04-14 11:19:13,607 [INFO] Deciding next actions...
2026-04-14 11:19:13,607 [INFO] No actionable findings identified.
2026-04-14 11:36:18,339 [INFO] Starting penetration testing pipeline for target: pentest-ground.com
2026-04-14 11:36:18,339 [INFO] Running Naabu scan...
2026-04-14 11:36:26,048 [INFO] Running HTTPX scan...
2026-04-14 11:36:28,754 [INFO] Running Nuclei scan...
2026-04-14 11:52:11,226 [INFO] Starting penetration testing pipeline for target: pentest-ground.com
2026-04-14 11:52:11,226 [INFO] Running Naabu scan...
2026-04-14 11:52:11,226 [INFO] Running HTTPX scan...
2026-04-14 11:52:14,456 [INFO] Running Nuclei scan...
2026-04-14 12:02:50,947 [INFO] Starting penetration testing pipeline for target: pentest-ground.com
2026-04-14 12:02:50,947 [INFO] Running Naabu scan...
2026-04-14 12:02:58,453 [INFO] Running HTTPX scan...
2026-04-14 12:03:01,456 [INFO] Running Nuclei scan...
2026-04-14 12:15:28,320 [INFO] Running Gospider scan...
2026-04-14 12:15:32,322 [INFO] Aggregating results...
2026-04-14 12:15:32,327 [INFO] Deciding next actions...
2026-04-14 12:15:32,327 [INFO] No actionable findings identified.
2026-04-14 14:34:44,975 [INFO] Starting penetration testing pipeline for target: pentest-ground.com
2026-04-14 14:34:44,975 [INFO] Running Naabu scan...
2026-04-14 14:34:53,480 [INFO] Running HTTPX scan...
2026-04-14 14:34:57,484 [INFO] Running Nuclei scan...
2026-04-14 14:50:04,740 [INFO] Running Gospider scan...
2026-04-14 14:50:06,242 [INFO] Aggregating results...
2026-04-14 14:50:06,258 [INFO] Running validation engine...
2026-04-14 14:50:07,618 [INFO] Validation results saved to output/validations.json (2 results)
2026-04-14 14:50:07,618 [INFO] Deciding next actions...
2026-04-14 14:50:07,618 [INFO] No actionable findings identified.
